#
# There is insufficient memory for the Java Runtime Environment to continue.
# Native memory allocation (mmap) failed to map 1258291200 bytes for committing reserved memory.
# Possible reasons:
#   The system is out of physical RAM or swap space
#   In 32 bit mode, the process size limit was hit
# Possible solutions:
#   Reduce memory load on the system
#   Increase physical memory or swap space
#   Check if swap backing store is full
#   Use 64 bit Java on a 64 bit OS
#   Decrease Java heap size (-Xmx/-Xms)
#   Decrease number of Java threads
#   Decrease Java thread stack sizes (-Xss)
#   Set larger code cache with -XX:ReservedCodeCacheSize=
# This output file may be truncated or incomplete.
#
#  Out of Memory Error (os_linux.cpp:2922), pid=769, tid=770
#
# JRE version:  (11.0.9.1+1) (build )
# Java VM: OpenJDK Server VM (11.0.9.1+1-post-Raspbian-1deb10u2, mixed mode, sharing, serial gc, linux-)
# No core dump will be written. Core dumps have been disabled. To enable core dumping, try "ulimit -c unlimited" before starting Java again
#

---------------  S U M M A R Y ------------

Command Line: -Xmx1800M -Xms1800M server.jar nogui

Host: rev 4 (v7l), 4 cores, 936M, Raspbian GNU/Linux 10 (buster)
Time: Thu Feb 18 21:14:48 2021 CST elapsed time: 0.078836 seconds (0d 0h 0m 0s)

---------------  T H R E A D  ---------------

Current thread (0x75f0ec00):  JavaThread "Unknown thread" [_thread_in_vm, id=770, stack(0x76002000,0x76052000)]

Stack: [0x76002000,0x76052000],  sp=0x760507b8,  free space=313k
Native frames: (J=compiled Java code, A=aot compiled Java code, j=interpreted, Vv=VM code, C=native code)
V  [libjvm.so+0x99984c]
V  [libjvm.so+0x99a540]
V  [libjvm.so+0x3580ac]
V  [libjvm.so+0x7be4d4]
V  [libjvm.so+0x7b4d2c]
V  [libjvm.so+0x9903ac]
V  [libjvm.so+0x489334]
V  [libjvm.so+0x234c74]
V  [libjvm.so+0x91f898]
V  [libjvm.so+0x489e80]
V  [libjvm.so+0x474c88]
V  [libjvm.so+0x95583c]
V  [libjvm.so+0x95591c]
V  [libjvm.so+0x4d8804]
V  [libjvm.so+0x92ba30]
V  [libjvm.so+0x58220c]  JNI_CreateJavaVM+0x78


---------------  P R O C E S S  ---------------

Threads class SMR info:
_java_thread_list=0x005d1600, length=0, elements={
}

Java Threads: ( => current thread )

Other Threads:

=>0x75f0ec00 (exited) JavaThread "Unknown thread" [_thread_in_vm, id=770, stack(0x76002000,0x76052000)]

Threads with active compile tasks:

VM state:not at safepoint (not fully initialized)

VM Mutex/Monitor currently owned by a thread: None

GC Heap History (0 events):
No events

Deoptimization events (0 events):
No events

Classes redefined (0 events):
No events

Internal exceptions (0 events):
No events

Events (2 events):
Event: 0.009 Protecting memory [0x76002000,0x76005000] with protection modes 0
Event: 0.011 Loaded shared library /usr/lib/jvm/java-11-openjdk-armhf/lib/libzip.so


Dynamic libraries:
00010000-00011000 r-xp 00000000 b3:02 13196      /usr/lib/jvm/java-11-openjdk-armhf/bin/java
00020000-00021000 r--p 00000000 b3:02 13196      /usr/lib/jvm/java-11-openjdk-armhf/bin/java
00021000-00022000 rw-p 00001000 b3:02 13196      /usr/lib/jvm/java-11-openjdk-armhf/bin/java
005c9000-005ea000 rw-p 00000000 00:00 0          [heap]
0307b000-031a7000 rw-p 00000000 00:00 0 
031a7000-033ff000 ---p 00000000 00:00 0 
033ff000-28c00000 rw-p 00000000 00:00 0 
73cb9000-73cbc000 rw-p 00000000 00:00 0 
73cbc000-73cf9000 ---p 00000000 00:00 0 
73cf9000-73e79000 rwxp 00000000 00:00 0 
73e79000-75cf9000 ---p 00000000 00:00 0 
75cf9000-75d02000 r-xp 00000000 b3:02 261736     /lib/arm-linux-gnueabihf/libnss_files-2.28.so
75d02000-75d12000 ---p 00009000 b3:02 261736     /lib/arm-linux-gnueabihf/libnss_files-2.28.so
75d12000-75d13000 r--p 00009000 b3:02 261736     /lib/arm-linux-gnueabihf/libnss_files-2.28.so
75d13000-75d14000 rw-p 0000a000 b3:02 261736     /lib/arm-linux-gnueabihf/libnss_files-2.28.so
75d14000-75d1a000 rw-p 00000000 00:00 0 
75d1b000-75d21000 r-xp 00000000 b3:02 13364      /usr/lib/jvm/java-11-openjdk-armhf/lib/libzip.so
75d21000-75d30000 ---p 00006000 b3:02 13364      /usr/lib/jvm/java-11-openjdk-armhf/lib/libzip.so
75d30000-75d31000 r--p 00005000 b3:02 13364      /usr/lib/jvm/java-11-openjdk-armhf/lib/libzip.so
75d31000-75d32000 rw-p 00006000 b3:02 13364      /usr/lib/jvm/java-11-openjdk-armhf/lib/libzip.so
75d32000-75e9f000 r--s 00000000 b3:02 13365      /usr/lib/jvm/java-11-openjdk-armhf/lib/modules
75e9f000-75ebd000 r-xp 00000000 b3:02 13257      /usr/lib/jvm/java-11-openjdk-armhf/lib/libjava.so
75ebd000-75ecc000 ---p 0001e000 b3:02 13257      /usr/lib/jvm/java-11-openjdk-armhf/lib/libjava.so
75ecc000-75ecd000 r--p 0001d000 b3:02 13257      /usr/lib/jvm/java-11-openjdk-armhf/lib/libjava.so
75ecd000-75ece000 rw-p 0001e000 b3:02 13257      /usr/lib/jvm/java-11-openjdk-armhf/lib/libjava.so
75ece000-75ed8000 r-xp 00000000 b3:02 13363      /usr/lib/jvm/java-11-openjdk-armhf/lib/libverify.so
75ed8000-75ee7000 ---p 0000a000 b3:02 13363      /usr/lib/jvm/java-11-openjdk-armhf/lib/libverify.so
75ee7000-75ee8000 r--p 00009000 b3:02 13363      /usr/lib/jvm/java-11-openjdk-armhf/lib/libverify.so
75ee8000-75ee9000 rw-p 0000a000 b3:02 13363      /usr/lib/jvm/java-11-openjdk-armhf/lib/libverify.so
75ee9000-75eef000 r-xp 00000000 b3:02 261765     /lib/arm-linux-gnueabihf/librt-2.28.so
75eef000-75efe000 ---p 00006000 b3:02 261765     /lib/arm-linux-gnueabihf/librt-2.28.so
75efe000-75eff000 r--p 00005000 b3:02 261765     /lib/arm-linux-gnueabihf/librt-2.28.so
75eff000-75f00000 rw-p 00006000 b3:02 261765     /lib/arm-linux-gnueabihf/librt-2.28.so
75f00000-75f27000 rw-p 00000000 00:00 0 
75f27000-76000000 ---p 00000000 00:00 0 
76002000-76005000 ---p 00000000 00:00 0 
76005000-76052000 rw-p 00000000 00:00 0 
76052000-7606e000 r-xp 00000000 b3:02 261712     /lib/arm-linux-gnueabihf/libgcc_s.so.1
7606e000-7607d000 ---p 0001c000 b3:02 261712     /lib/arm-linux-gnueabihf/libgcc_s.so.1
7607d000-7607e000 r--p 0001b000 b3:02 261712     /lib/arm-linux-gnueabihf/libgcc_s.so.1
7607e000-7607f000 rw-p 0001c000 b3:02 261712     /lib/arm-linux-gnueabihf/libgcc_s.so.1
7607f000-760f0000 r-xp 00000000 b3:02 261722     /lib/arm-linux-gnueabihf/libm-2.28.so
760f0000-760ff000 ---p 00071000 b3:02 261722     /lib/arm-linux-gnueabihf/libm-2.28.so
760ff000-76100000 r--p 00070000 b3:02 261722     /lib/arm-linux-gnueabihf/libm-2.28.so
76100000-76101000 rw-p 00071000 b3:02 261722     /lib/arm-linux-gnueabihf/libm-2.28.so
76101000-7622f000 r-xp 00000000 b3:02 272920     /usr/lib/arm-linux-gnueabihf/libstdc++.so.6.0.25
7622f000-7623f000 ---p 0012e000 b3:02 272920     /usr/lib/arm-linux-gnueabihf/libstdc++.so.6.0.25
7623f000-76244000 r--p 0012e000 b3:02 272920     /usr/lib/arm-linux-gnueabihf/libstdc++.so.6.0.25
76244000-76246000 rw-p 00133000 b3:02 272920     /usr/lib/arm-linux-gnueabihf/libstdc++.so.6.0.25
76246000-76248000 rw-p 00000000 00:00 0 
76248000-76c84000 r-xp 00000000 b3:02 13369      /usr/lib/jvm/java-11-openjdk-armhf/lib/server/libjvm.so
76c84000-76c94000 ---p 00a3c000 b3:02 13369      /usr/lib/jvm/java-11-openjdk-armhf/lib/server/libjvm.so
76c94000-76cd5000 r--p 00a3c000 b3:02 13369      /usr/lib/jvm/java-11-openjdk-armhf/lib/server/libjvm.so
76cd5000-76cee000 rw-p 00a7d000 b3:02 13369      /usr/lib/jvm/java-11-openjdk-armhf/lib/server/libjvm.so
76cee000-76d19000 rw-p 00000000 00:00 0 
76d19000-76e51000 r-xp 00000000 b3:02 261697     /lib/arm-linux-gnueabihf/libc-2.28.so
76e51000-76e61000 ---p 00138000 b3:02 261697     /lib/arm-linux-gnueabihf/libc-2.28.so
76e61000-76e63000 r--p 00138000 b3:02 261697     /lib/arm-linux-gnueabihf/libc-2.28.so
76e63000-76e64000 rw-p 0013a000 b3:02 261697     /lib/arm-linux-gnueabihf/libc-2.28.so
76e64000-76e67000 rw-p 00000000 00:00 0 
76e67000-76e69000 r-xp 00000000 b3:02 261705     /lib/arm-linux-gnueabihf/libdl-2.28.so
76e69000-76e78000 ---p 00002000 b3:02 261705     /lib/arm-linux-gnueabihf/libdl-2.28.so
76e78000-76e79000 r--p 00001000 b3:02 261705     /lib/arm-linux-gnueabihf/libdl-2.28.so
76e79000-76e7a000 rw-p 00002000 b3:02 261705     /lib/arm-linux-gnueabihf/libdl-2.28.so
76e7a000-76e87000 r-xp 00000000 b3:02 13241      /usr/lib/jvm/java-11-openjdk-armhf/lib/jli/libjli.so
76e87000-76e96000 ---p 0000d000 b3:02 13241      /usr/lib/jvm/java-11-openjdk-armhf/lib/jli/libjli.so
76e96000-76e97000 r--p 0000c000 b3:02 13241      /usr/lib/jvm/java-11-openjdk-armhf/lib/jli/libjli.so
76e97000-76e98000 rw-p 0000d000 b3:02 13241      /usr/lib/jvm/java-11-openjdk-armhf/lib/jli/libjli.so
76e98000-76eaf000 r-xp 00000000 b3:02 261761     /lib/arm-linux-gnueabihf/libpthread-2.28.so
76eaf000-76ebe000 ---p 00017000 b3:02 261761     /lib/arm-linux-gnueabihf/libpthread-2.28.so
76ebe000-76ebf000 r--p 00016000 b3:02 261761     /lib/arm-linux-gnueabihf/libpthread-2.28.so
76ebf000-76ec0000 rw-p 00017000 b3:02 261761     /lib/arm-linux-gnueabihf/libpthread-2.28.so
76ec0000-76ec2000 rw-p 00000000 00:00 0 
76ec2000-76edc000 r-xp 00000000 b3:02 261784     /lib/arm-linux-gnueabihf/libz.so.1.2.11
76edc000-76eeb000 ---p 0001a000 b3:02 261784     /lib/arm-linux-gnueabihf/libz.so.1.2.11
76eeb000-76eec000 r--p 00019000 b3:02 261784     /lib/arm-linux-gnueabihf/libz.so.1.2.11
76eec000-76eed000 rw-p 0001a000 b3:02 261784     /lib/arm-linux-gnueabihf/libz.so.1.2.11
76ef0000-76ef4000 r-xp 00000000 b3:02 13261      /usr/lib/jvm/java-11-openjdk-armhf/lib/libjimage.so
76ef4000-76f03000 ---p 00004000 b3:02 13261      /usr/lib/jvm/java-11-openjdk-armhf/lib/libjimage.so
76f03000-76f04000 r--p 00003000 b3:02 13261      /usr/lib/jvm/java-11-openjdk-armhf/lib/libjimage.so
76f04000-76f05000 rw-p 00004000 b3:02 13261      /usr/lib/jvm/java-11-openjdk-armhf/lib/libjimage.so
76f05000-76f09000 r-xp 00000000 b3:02 272380     /usr/lib/arm-linux-gnueabihf/libarmmem-v7l.so
76f09000-76f18000 ---p 00004000 b3:02 272380     /usr/lib/arm-linux-gnueabihf/libarmmem-v7l.so
76f18000-76f19000 r--p 00003000 b3:02 272380     /usr/lib/arm-linux-gnueabihf/libarmmem-v7l.so
76f19000-76f1a000 rw-p 00004000 b3:02 272380     /usr/lib/arm-linux-gnueabihf/libarmmem-v7l.so
76f1a000-76f3a000 r-xp 00000000 b3:02 261615     /lib/arm-linux-gnueabihf/ld-2.28.so
76f3b000-76f3d000 r--s 00007000 b3:02 162059     /usr/share/java/java-atk-wrapper.jar
76f3d000-76f45000 rw-s 00000000 b3:02 391690     /tmp/hsperfdata_pi/769
76f45000-76f46000 r--p 00000000 00:00 0 
76f46000-76f4a000 rw-p 00000000 00:00 0 
76f4a000-76f4b000 r--p 00020000 b3:02 261615     /lib/arm-linux-gnueabihf/ld-2.28.so
76f4b000-76f4c000 rw-p 00021000 b3:02 261615     /lib/arm-linux-gnueabihf/ld-2.28.so
7e81e000-7e83f000 rw-p 00000000 00:00 0          [stack]
7ebe2000-7ebe3000 r-xp 00000000 00:00 0          [sigpage]
7ebe3000-7ebe4000 r--p 00000000 00:00 0          [vvar]
7ebe4000-7ebe5000 r-xp 00000000 00:00 0          [vdso]
ffff0000-ffff1000 r-xp 00000000 00:00 0          [vectors]


VM Arguments:
jvm_args: -Xmx1800M -Xms1800M 
java_command: server.jar nogui
java_class_path (initial): server.jar
Launcher Type: SUN_STANDARD

[Global flags]
   size_t InitialHeapSize                          = 1887436800                                {product} {command line}
   size_t MaxHeapSize                              = 1887436800                                {product} {command line}
   size_t MaxNewSize                               = 629145600                                 {product} {ergonomic}
   size_t MinHeapDeltaBytes                        = 131072                                    {product} {ergonomic}
   size_t NewSize                                  = 629145600                                 {product} {ergonomic}
    uintx NonProfiledCodeHeapSize                  = 0                                      {pd product} {ergonomic}
   size_t OldSize                                  = 1258291200                                {product} {ergonomic}
    uintx ProfiledCodeHeapSize                     = 0                                      {pd product} {ergonomic}
     bool UseSerialGC                              = true                                      {product} {ergonomic}

Logging:
Log output configuration:
 #0: stdout all=warning uptime,level,tags
 #1: stderr all=off uptime,level,tags

Environment Variables:
PATH=/usr/local/sbin:/usr/local/bin:/usr/sbin:/usr/bin:/sbin:/bin:/usr/local/games:/usr/games
SHELL=/bin/bash
DISPLAY=localhost:10.0
LANG=en_US.UTF-8
LC_ALL=en_US.UTF-8

Signal Handlers:
SIGSEGV: [libjvm.so+0x99a5cc], sa_mask[0]=11111111011111111101111111111110, sa_flags=SA_RESTART|SA_SIGINFO
SIGBUS: [libjvm.so+0x99a5cc], sa_mask[0]=11111111011111111101111111111110, sa_flags=SA_RESTART|SA_SIGINFO
SIGFPE: [libjvm.so+0x99a5cc], sa_mask[0]=11111111011111111101111111111110, sa_flags=SA_RESTART|SA_SIGINFO
SIGPIPE: [libjvm.so+0x7b9458], sa_mask[0]=11111111011111111101111111111110, sa_flags=SA_RESTART|SA_SIGINFO
SIGXFSZ: [libjvm.so+0x7b9458], sa_mask[0]=11111111011111111101111111111110, sa_flags=SA_RESTART|SA_SIGINFO
SIGILL: [libjvm.so+0x99a5cc], sa_mask[0]=11111111011111111101111111111110, sa_flags=SA_RESTART|SA_SIGINFO
SIGUSR2: [libjvm.so+0x7b92f0], sa_mask[0]=00000000000000000000000000000000, sa_flags=SA_RESTART|SA_SIGINFO
SIGHUP: SIG_DFL, sa_mask[0]=00000000000000000000000000000000, sa_flags=none
SIGINT: SIG_DFL, sa_mask[0]=00000000000000000000000000000000, sa_flags=none
SIGTERM: SIG_DFL, sa_mask[0]=00000000000000000000000000000000, sa_flags=none
SIGQUIT: SIG_DFL, sa_mask[0]=00000000000000000000000000000000, sa_flags=none


---------------  S Y S T E M  ---------------

OS:PRETTY_NAME="Raspbian GNU/Linux 10 (buster)"
NAME="Raspbian GNU/Linux"
VERSION_ID="10"
VERSION="10 (buster)"
VERSION_CODENAME=buster
ID=raspbian
ID_LIKE=debian
HOME_URL="http://www.raspbian.org/"
SUPPORT_URL="http://www.raspbian.org/RaspbianForums"
BUG_REPORT_URL="http://www.raspbian.org/RaspbianBugs"
uname:Linux 5.10.11-v7+ #1399 SMP Thu Jan 28 12:06:05 GMT 2021 armv7l
OS uptime: 0 days 0:52 hours
libc:glibc 2.28 NPTL 2.28 
rlimit (soft/hard): STACK 8192k/infinity , CORE 0k/infinity , NPROC 6968/6968 , NOFILE 1048576/1048576 , AS infinity/infinity , CPU infinity/infinity , DATA infinity/infinity , FSIZE infinity/infinity , MEMLOCK infinity/infinity
load average:0.78 0.53 0.42

/proc/meminfo:
MemTotal:         958572 kB
MemFree:          722448 kB
MemAvailable:     851844 kB
Buffers:           26452 kB
Cached:           148240 kB
SwapCached:            0 kB
Active:            94200 kB
Inactive:         101948 kB
Active(anon):        384 kB
Inactive(anon):    27480 kB
Active(file):      93816 kB
Inactive(file):    74468 kB
Unevictable:          16 kB
Mlocked:              16 kB
SwapTotal:        102396 kB
SwapFree:         102396 kB
Dirty:                 0 kB
Writeback:             0 kB
AnonPages:         21624 kB
Mapped:            33432 kB
Shmem:              6404 kB
KReclaimable:      12332 kB
Slab:              25096 kB
SReclaimable:      12332 kB
SUnreclaim:        12764 kB
KernelStack:        1032 kB
PageTables:         1316 kB
NFS_Unstable:          0 kB
Bounce:                0 kB
WritebackTmp:          0 kB
CommitLimit:      581680 kB
Committed_AS:     764056 kB
VmallocTotal:    1097728 kB
VmallocUsed:        3604 kB
VmallocChunk:          0 kB
Percpu:              464 kB
CmaTotal:          65536 kB
CmaFree:           63636 kB

/sys/kernel/mm/transparent_hugepage/enabled:
<Not Available>
/sys/kernel/mm/transparent_hugepage/defrag (defrag/compaction efforts parameter):
<Not Available>

/proc/sys/kernel/threads-max (system-wide limit on the number of threads):
13937
/proc/sys/vm/max_map_count (maximum number of memory map areas a process may have):
65530
/proc/sys/kernel/pid_max (system-wide limit on number of process identifiers):
32768

/etc/ld.so.preload:
/usr/lib/arm-linux-gnueabihf/libarmmem-${PLATFORM}.so

Steal ticks since vm start: 0
Steal ticks percentage since vm start:  0.000

CPU:total 4 (initial active 4) (ARMv7), vfp, vfp3-32, simd

/proc/cpuinfo:
processor	: 0
model name	: ARMv7 Processor rev 4 (v7l)
BogoMIPS	: 76.80
Features	: half thumb fastmult vfp edsp neon vfpv3 tls vfpv4 idiva idivt vfpd32 lpae evtstrm crc32 
CPU implementer	: 0x41
CPU architecture: 7
CPU variant	: 0x0
CPU part	: 0xd03
CPU revision	: 4

processor	: 1
model name	: ARMv7 Processor rev 4 (v7l)
BogoMIPS	: 76.80
Features	: half thumb fastmult vfp edsp neon vfpv3 tls vfpv4 idiva idivt vfpd32 lpae evtstrm crc32 
CPU implementer	: 0x41
CPU architecture: 7
CPU variant	: 0x0
CPU part	: 0xd03
CPU revision	: 4

processor	: 2
model name	: ARMv7 Processor rev 4 (v7l)
BogoMIPS	: 76.80
Features	: half thumb fastmult vfp edsp neon vfpv3 tls vfpv4 idiva idivt vfpd32 lpae evtstrm crc32 
CPU implementer	: 0x41
CPU architecture: 7
CPU variant	: 0x0
CPU part	: 0xd03
CPU revision	: 4

processor	: 3
model name	: ARMv7 Processor rev 4 (v7l)
BogoMIPS	: 76.80
Features	: half thumb fastmult vfp edsp neon vfpv3 tls vfpv4 idiva idivt vfpd32 lpae evtstrm crc32 
CPU implementer	: 0x41
CPU architecture: 7
CPU variant	: 0x0
CPU part	: 0xd03
CPU revision	: 4

Hardware	: BCM2835
Revision	: a22082
Serial		: 00000000998e5a85
Model		: Raspberry Pi 3 Model B Rev 1.2
Online cpus:
0-3
Offline cpus:


Memory: 4k page, physical 958572k(722448k free), swap 102396k(102396k free)

vm_info: OpenJDK Server VM (11.0.9.1+1-post-Raspbian-1deb10u2) for linux- JRE (11.0.9.1+1-post-Raspbian-1deb10u2), built on Nov 28 2020 17:42:37 by "unknown" with gcc 8.3.0

END.
