[00:42:06] [main/INFO]: Environment: authHost='https://authserver.mojang.com', accountsHost='https://api.mojang.com', sessionHost='https://sessionserver.mojang.com', servicesHost='https://api.minecraftservices.com', name='PROD'
[00:42:07] [main/WARN]: Ambiguity between arguments [teleport, destination] and [teleport, targets] with inputs: [Player, 0123, @e, dd12be42-52a9-4a91-a8a1-11c01849e498]
[00:42:07] [main/WARN]: Ambiguity between arguments [teleport, location] and [teleport, destination] with inputs: [0.1 -0.5 .9, 0 0 0]
[00:42:07] [main/WARN]: Ambiguity between arguments [teleport, location] and [teleport, targets] with inputs: [0.1 -0.5 .9, 0 0 0]
[00:42:07] [main/WARN]: Ambiguity between arguments [teleport, targets] and [teleport, destination] with inputs: [Player, 0123, dd12be42-52a9-4a91-a8a1-11c01849e498]
[00:42:07] [main/WARN]: Ambiguity between arguments [teleport, targets, location] and [teleport, targets, destination] with inputs: [0.1 -0.5 .9, 0 0 0]
[00:42:07] [main/INFO]: Reloading ResourceManager: Default
[00:42:07] [Worker-Main-13/INFO]: Loaded 7 recipes
[00:42:07] [Worker-Main-13/INFO]: Loaded 927 advancements
[00:42:08] [Server thread/INFO]: Starting minecraft server version 1.16.5
[00:42:08] [Server thread/INFO]: Loading properties
[00:42:08] [Server thread/INFO]: Default game type: SURVIVAL
[00:42:08] [Server thread/INFO]: Generating keypair
[00:42:08] [Server thread/INFO]: Starting Minecraft server on 25.33.167.11:25565
[00:42:08] [Server thread/INFO]: Using default channel type
[00:42:09] [Server thread/INFO]: Preparing level "world"
[00:42:09] [Server thread/INFO]: Preparing start region for dimension minecraft:overworld
[00:42:09] [Server thread/INFO]: Preparing spawn area: 0%
[00:42:09] [Server thread/INFO]: Preparing spawn area: 0%
[00:42:10] [Server thread/INFO]: Time elapsed: 1113 ms
[00:42:10] [Server thread/INFO]: Done (1.175s)! For help, type "help"
[00:42:27] [User Authenticator #1/INFO]: UUID of player Skull_Krasher is 0da39cfa-b3ce-4e00-91e2-dc1f8eec2498
[00:42:27] [Server thread/INFO]: Skull_Krasher[/25.33.167.11:59284] logged in with entity id 217 at (-258.9844789310847, 66.0, 290.40676787158276)
[00:42:27] [Server thread/INFO]: Skull_Krasher joined the game
[00:42:32] [Server thread/INFO]: Skull_Krasher lost connection: Disconnected
[00:42:32] [Server thread/INFO]: Skull_Krasher left the game
[00:47:59] [User Authenticator #2/INFO]: UUID of player FlameFerret is c46d008c-8c73-415f-976d-7257ab0f5fa7
[00:48:00] [Server thread/INFO]: FlameFerret[/25.34.108.123:57074] logged in with entity id 988 at (-338.95438256267624, 103.0, 162.65471976132608)
[00:48:00] [Server thread/INFO]: FlameFerret joined the game
[00:48:16] [Server thread/INFO]: <FlameFerret> Hi
[00:48:23] [User Authenticator #3/INFO]: UUID of player Skull_Krasher is 0da39cfa-b3ce-4e00-91e2-dc1f8eec2498
[00:48:23] [Server thread/INFO]: Skull_Krasher[/25.33.167.11:59360] logged in with entity id 1729 at (-260.8618499364253, 67.0, 288.82206576648525)
[00:48:23] [Server thread/INFO]: Skull_Krasher joined the game
[00:48:25] [Server thread/INFO]: <FlameFerret> Hi
[00:48:41] [Server thread/INFO]: <Skull_Krasher> hello
[00:48:49] [Server thread/INFO]: FlameFerret lost connection: Disconnected
[00:48:49] [Server thread/INFO]: FlameFerret left the game
[00:52:44] [User Authenticator #4/INFO]: UUID of player FlameFerret is c46d008c-8c73-415f-976d-7257ab0f5fa7
[00:52:44] [Server thread/INFO]: FlameFerret[/25.34.108.123:54145] logged in with entity id 2955 at (-340.986218320861, 103.0, 163.49330754500892)
[00:52:44] [Server thread/INFO]: FlameFerret joined the game
[01:03:42] [Server thread/INFO]: FlameFerret lost connection: Disconnected
[01:03:42] [Server thread/INFO]: FlameFerret left the game
[01:05:38] [Server thread/INFO]: com.mojang.authlib.GameProfile@52bcf268[id=<null>,name=Skollkrusher11,properties={},legacy=false] (/25.35.133.104:49508) lost connection: Disconnected
[01:05:38] [User Authenticator #5/INFO]: UUID of player Skollkrusher11 is 13d0acc9-66dc-4d80-b557-33a9cb340b7e
[01:05:39] [User Authenticator #6/INFO]: UUID of player Skollkrusher11 is 13d0acc9-66dc-4d80-b557-33a9cb340b7e
[01:05:39] [Server thread/INFO]: Skollkrusher11[/25.35.133.104:49510] logged in with entity id 5911 at (-341.6498507554984, 74.0, 164.6311990878112)
[01:05:39] [Server thread/INFO]: Skollkrusher11 joined the game
[01:06:48] [User Authenticator #7/INFO]: UUID of player FlameFerret is c46d008c-8c73-415f-976d-7257ab0f5fa7
[01:06:48] [Server thread/INFO]: FlameFerret[/25.34.108.123:62733] logged in with entity id 6615 at (-260.5, 66.0, 292.5)
[01:06:48] [Server thread/INFO]: FlameFerret joined the game
[01:07:12] [Server thread/WARN]: Skollkrusher11 moved too quickly! -9.945952486553551,-1.4142405788867478,-0.5771365233153176
[01:07:12] [Server thread/WARN]: Can't keep up! Is the server overloaded? Running 2025ms or 40 ticks behind
[01:14:38] [Server thread/INFO]: Skollkrusher11 has made the advancement [Sweet Dreams]
[01:15:37] [Server thread/INFO]: <Skull_Krasher> whats up guys
[01:15:43] [Server thread/INFO]: <Skull_Krasher> how are y'all?
[01:16:01] [Server thread/INFO]: <FlameFerret> Pretty sleepy
[01:16:10] [Server thread/INFO]: <FlameFerret> I had a good rest though
[01:21:57] [Server thread/INFO]: Skollkrusher11 has made the advancement [Who is Cutting Onions?]
[01:22:08] [Server thread/INFO]: Skull_Krasher has made the advancement [Who is Cutting Onions?]
[01:34:03] [Server thread/INFO]: Skull_Krasher has made the advancement [Best Friends Forever]
[01:34:19] [Server thread/INFO]: Skollkrusher11 fell from a high place
[01:38:45] [Server thread/INFO]: Skollkrusher11 fell from a high place
[01:42:14] [Server thread/WARN]: Can't keep up! Is the server overloaded? Running 2368ms or 47 ticks behind
[01:47:03] [Server thread/INFO]: FlameFerret has made the advancement [Cover Me With Diamonds]
[02:03:48] [Server thread/INFO]: Skull_Krasher has made the advancement [We Need to Go Deeper]
[02:03:50] [Server thread/INFO]: Skollkrusher11 has made the advancement [We Need to Go Deeper]
[02:03:51] [Server thread/INFO]: FlameFerret has made the advancement [We Need to Go Deeper]
[02:07:17] [Server thread/WARN]: Can't keep up! Is the server overloaded? Running 2490ms or 49 ticks behind
[02:07:34] [Server thread/INFO]: Skollkrusher11 was burnt to a crisp whilst fighting Ghast
[02:10:29] [Server thread/INFO]: FlameFerret has made the advancement [Not Today, Thank You]
[02:25:24] [Server thread/INFO]: Skollkrusher11 lost connection: Disconnected
[02:25:24] [Server thread/INFO]: Skollkrusher11 left the game
[02:25:28] [User Authenticator #8/INFO]: UUID of player Skollkrusher11 is 13d0acc9-66dc-4d80-b557-33a9cb340b7e
[02:25:28] [Server thread/INFO]: Skollkrusher11[/25.35.133.104:49658] logged in with entity id 27793 at (-47.9972716231996, 62.0, -16.40587384403292)
[02:25:28] [Server thread/INFO]: Skollkrusher11 joined the game
[02:35:49] [Server thread/INFO]: Skollkrusher11 fell from a high place
[02:52:19] [Server thread/WARN]: Can't keep up! Is the server overloaded? Running 2119ms or 42 ticks behind
[02:57:21] [Server thread/WARN]: Can't keep up! Is the server overloaded? Running 2437ms or 48 ticks behind
[03:01:31] [Server thread/INFO]: Skollkrusher11 has completed the challenge [Return to Sender]
[03:03:05] [Server thread/INFO]: Skollkrusher11 went up in flames
[03:10:27] [Server thread/INFO]: FlameFerret has made the advancement [A Terrible Fortress]
[03:10:42] [Server thread/INFO]: Skollkrusher11 has made the advancement [A Terrible Fortress]
[03:10:45] [Server thread/INFO]: Skull_Krasher has made the advancement [A Terrible Fortress]
[03:11:00] [Server thread/INFO]: Skull_Krasher has made the advancement [Into Fire]
[03:12:40] [Server thread/INFO]: Skollkrusher11 was slain by Wither Skeleton
[03:24:33] [Server thread/INFO]: Skollkrusher11 has made the advancement [Into Fire]
[03:31:22] [Server thread/WARN]: Can't keep up! Is the server overloaded? Running 2002ms or 40 ticks behind
[03:46:58] [Server thread/INFO]: Skull_Krasher lost connection: Disconnected
[03:46:58] [Server thread/INFO]: Skull_Krasher left the game
[03:46:58] [Server thread/INFO]: Skollkrusher11 lost connection: Disconnected
[03:46:58] [Server thread/INFO]: Skollkrusher11 left the game
[03:47:00] [Server thread/INFO]: FlameFerret lost connection: Disconnected
[03:47:00] [Server thread/INFO]: FlameFerret left the game
[03:47:13] [Server thread/INFO]: Stopping the server
[03:47:13] [Server thread/INFO]: Stopping server
[03:47:13] [Server thread/INFO]: Saving players
[03:47:13] [Server thread/INFO]: Saving worlds
[03:47:13] [Server thread/INFO]: Saving chunks for level 'ServerLevel[world]'/minecraft:overworld
[03:47:15] [Server thread/INFO]: ThreadedAnvilChunkStorage (world): All chunks are saved
[03:47:15] [Server thread/INFO]: Saving chunks for level 'ServerLevel[world]'/minecraft:the_nether
[03:47:15] [Server thread/INFO]: ThreadedAnvilChunkStorage (DIM-1): All chunks are saved
[03:47:15] [Server thread/INFO]: Saving chunks for level 'ServerLevel[world]'/minecraft:the_end
[03:47:15] [Server thread/INFO]: ThreadedAnvilChunkStorage (DIM1): All chunks are saved
[03:47:15] [Server thread/INFO]: ThreadedAnvilChunkStorage (world): All chunks are saved
[03:47:15] [Server thread/INFO]: ThreadedAnvilChunkStorage (DIM-1): All chunks are saved
[03:47:16] [Server thread/INFO]: ThreadedAnvilChunkStorage (DIM1): All chunks are saved
